<?xml version="1.0" encoding="UTF-8"?>
<testng-results ignored="0" total="0" passed="0" failed="0" skipped="0">
  <reporter-output>
  </reporter-output>
  <suite started-at="2024-06-17T22:21:26 EDT" name="Simple HTML-XML Suite" finished-at="2024-06-17T22:21:26 EDT" duration-ms="4">
    <groups>
    </groups>
    <test started-at="2024-06-17T22:21:26 EDT" name="Simple HTML-XML test" finished-at="2024-06-17T22:21:26 EDT" duration-ms="4">
    </test> <!-- Simple HTML-XML test -->
  </suite> <!-- Simple HTML-XML Suite -->
</testng-results>
